  topo_read.c
  swap.c
  segdmp.c
d:\sphinx\sphinxtrain\src\libs\libio\segdmp.c(135): warning C4013: 'bio_fwrite' undefined; assuming extern returning int
d:\sphinx\sphinxtrain\src\libs\libio\segdmp.c(199): warning C4013: 'bio_fread' undefined; assuming extern returning int
  s3ts2cb_io.c
  s3tmat_io.c
d:\sphinx\sphinxtrain\src\libs\libio\s3tmat_io.c(142): warning C4018: '<': signed/unsigned mismatch
d:\sphinx\sphinxtrain\src\libs\libio\s3tmat_io.c(143): warning C4018: '<': signed/unsigned mismatch
d:\sphinx\sphinxtrain\src\libs\libio\s3tmat_io.c(144): warning C4018: '<': signed/unsigned mismatch
  s3phseg_io.c
  s3mixw_io.c
d:\sphinx\sphinxtrain\src\libs\libio\s3mixw_io.c(88): warning C4013: 'bio_fread_3d' undefined; assuming extern returning int
d:\sphinx\sphinxtrain\src\libs\libio\s3mixw_io.c(104): warning C4013: 'bio_fread' undefined; assuming extern returning int
d:\sphinx\sphinxtrain\src\libs\libio\s3mixw_io.c(157): warning C4013: 'bio_fread_intv_3d' undefined; assuming extern returning int
d:\sphinx\sphinxtrain\src\libs\libio\s3mixw_io.c(213): warning C4013: 'bio_fwrite_3d' undefined; assuming extern returning int
d:\sphinx\sphinxtrain\src\libs\libio\s3mixw_io.c(224): warning C4013: 'bio_fwrite' undefined; assuming extern returning int
  s3map_io.c
d:\sphinx\sphinxtrain\src\libs\libio\s3map_io.c(88): warning C4013: 'bio_fread' undefined; assuming extern returning int
d:\sphinx\sphinxtrain\src\libs\libio\s3map_io.c(99): warning C4013: 'bio_fread_1d' undefined; assuming extern returning int
d:\sphinx\sphinxtrain\src\libs\libio\s3map_io.c(146): warning C4013: 'bio_fwrite' undefined; assuming extern returning int
d:\sphinx\sphinxtrain\src\libs\libio\s3map_io.c(152): warning C4013: 'bio_fwrite_1d' undefined; assuming extern returning int
  s3lamb_io.c
d:\sphinx\sphinxtrain\src\libs\libio\s3lamb_io.c(85): warning C4013: 'bio_fread_1d' undefined; assuming extern returning int
d:\sphinx\sphinxtrain\src\libs\libio\s3lamb_io.c(97): warning C4013: 'bio_fread' undefined; assuming extern returning int
d:\sphinx\sphinxtrain\src\libs\libio\s3lamb_io.c(136): warning C4013: 'bio_fwrite_1d' undefined; assuming extern returning int
d:\sphinx\sphinxtrain\src\libs\libio\s3lamb_io.c(141): warning C4013: 'bio_fwrite' undefined; assuming extern returning int
  s3io.c
d:\sphinx\sphinxtrain\src\libs\libio\s3io.c(119): warning C4996: 'strdup': The POSIX name for this item is deprecated. Instead, use the ISO C and C++ conformant name: _strdup. See online help for details.
  c:\program files (x86)\windows kits\10\include\10.0.17134.0\ucrt\string.h(536): note: see declaration of 'strdup'
d:\sphinx\sphinxtrain\src\libs\libio\s3io.c(120): warning C4996: 'strdup': The POSIX name for this item is deprecated. Instead, use the ISO C and C++ conformant name: _strdup. See online help for details.
  c:\program files (x86)\windows kits\10\include\10.0.17134.0\ucrt\string.h(536): note: see declaration of 'strdup'
d:\sphinx\sphinxtrain\src\libs\libio\s3io.c(217): warning C4267: '=': conversion from 'size_t' to 'long', possible loss of data
d:\sphinx\sphinxtrain\src\libs\libio\s3io.c(389): warning C4267: 'function': conversion from 'size_t' to 'int32', possible loss of data
d:\sphinx\sphinxtrain\src\libs\libio\s3io.c(501): warning C4267: '=': conversion from 'size_t' to 'int', possible loss of data
d:\sphinx\sphinxtrain\src\libs\libio\s3io.c(635): warning C4996: 'open': The POSIX name for this item is deprecated. Instead, use the ISO C and C++ conformant name: _open. See online help for details.
  c:\program files (x86)\windows kits\10\include\10.0.17134.0\ucrt\corecrt_io.h(516): note: see declaration of 'open'
d:\sphinx\sphinxtrain\src\libs\libio\s3io.c(640): warning C4996: 'read': The POSIX name for this item is deprecated. Instead, use the ISO C and C++ conformant name: _read. See online help for details.
  c:\program files (x86)\windows kits\10\include\10.0.17134.0\ucrt\corecrt_io.h(523): note: see declaration of 'read'
d:\sphinx\sphinxtrain\src\libs\libio\s3io.c(643): warning C4996: 'close': The POSIX name for this item is deprecated. Instead, use the ISO C and C++ conformant name: _close. See online help for details.
  c:\program files (x86)\windows kits\10\include\10.0.17134.0\ucrt\corecrt_io.h(459): note: see declaration of 'close'
d:\sphinx\sphinxtrain\src\libs\libio\s3io.c(649): warning C4996: 'close': The POSIX name for this item is deprecated. Instead, use the ISO C and C++ conformant name: _close. See online help for details.
  c:\program files (x86)\windows kits\10\include\10.0.17134.0\ucrt\corecrt_io.h(459): note: see declaration of 'close'
d:\sphinx\sphinxtrain\src\libs\libio\s3io.c(658): warning C4996: 'close': The POSIX name for this item is deprecated. Instead, use the ISO C and C++ conformant name: _close. See online help for details.
  c:\program files (x86)\windows kits\10\include\10.0.17134.0\ucrt\corecrt_io.h(459): note: see declaration of 'close'
d:\sphinx\sphinxtrain\src\libs\libio\s3io.c(661): warning C4996: 'read': The POSIX name for this item is deprecated. Instead, use the ISO C and C++ conformant name: _read. See online help for details.
  c:\program files (x86)\windows kits\10\include\10.0.17134.0\ucrt\corecrt_io.h(523): note: see declaration of 'read'
d:\sphinx\sphinxtrain\src\libs\libio\s3io.c(664): warning C4996: 'close': The POSIX name for this item is deprecated. Instead, use the ISO C and C++ conformant name: _close. See online help for details.
  c:\program files (x86)\windows kits\10\include\10.0.17134.0\ucrt\corecrt_io.h(459): note: see declaration of 'close'
d:\sphinx\sphinxtrain\src\libs\libio\s3io.c(668): warning C4996: 'close': The POSIX name for this item is deprecated. Instead, use the ISO C and C++ conformant name: _close. See online help for details.
  c:\program files (x86)\windows kits\10\include\10.0.17134.0\ucrt\corecrt_io.h(459): note: see declaration of 'close'
d:\sphinx\sphinxtrain\src\libs\libio\s3io.c(687): warning C4996: 'open': The POSIX name for this item is deprecated. Instead, use the ISO C and C++ conformant name: _open. See online help for details.
  c:\program files (x86)\windows kits\10\include\10.0.17134.0\ucrt\corecrt_io.h(516): note: see declaration of 'open'
d:\sphinx\sphinxtrain\src\libs\libio\s3io.c(693): warning C4996: 'read': The POSIX name for this item is deprecated. Instead, use the ISO C and C++ conformant name: _read. See online help for details.
  c:\program files (x86)\windows kits\10\include\10.0.17134.0\ucrt\corecrt_io.h(523): note: see declaration of 'read'
d:\sphinx\sphinxtrain\src\libs\libio\s3io.c(697): warning C4996: 'close': The POSIX name for this item is deprecated. Instead, use the ISO C and C++ conformant name: _close. See online help for details.
  c:\program files (x86)\windows kits\10\include\10.0.17134.0\ucrt\corecrt_io.h(459): note: see declaration of 'close'
d:\sphinx\sphinxtrain\src\libs\libio\s3io.c(703): warning C4996: 'close': The POSIX name for this item is deprecated. Instead, use the ISO C and C++ conformant name: _close. See online help for details.
  c:\program files (x86)\windows kits\10\include\10.0.17134.0\ucrt\corecrt_io.h(459): note: see declaration of 'close'
d:\sphinx\sphinxtrain\src\libs\libio\s3io.c(714): warning C4996: 'close': The POSIX name for this item is deprecated. Instead, use the ISO C and C++ conformant name: _close. See online help for details.
  c:\program files (x86)\windows kits\10\include\10.0.17134.0\ucrt\corecrt_io.h(459): note: see declaration of 'close'
d:\sphinx\sphinxtrain\src\libs\libio\s3io.c(717): warning C4996: 'read': The POSIX name for this item is deprecated. Instead, use the ISO C and C++ conformant name: _read. See online help for details.
  c:\program files (x86)\windows kits\10\include\10.0.17134.0\ucrt\corecrt_io.h(523): note: see declaration of 'read'
d:\sphinx\sphinxtrain\src\libs\libio\s3io.c(721): warning C4996: 'close': The POSIX name for this item is deprecated. Instead, use the ISO C and C++ conformant name: _close. See online help for details.
  c:\program files (x86)\windows kits\10\include\10.0.17134.0\ucrt\corecrt_io.h(459): note: see declaration of 'close'
d:\sphinx\sphinxtrain\src\libs\libio\s3io.c(725): warning C4996: 'close': The POSIX name for this item is deprecated. Instead, use the ISO C and C++ conformant name: _close. See online help for details.
  c:\program files (x86)\windows kits\10\include\10.0.17134.0\ucrt\corecrt_io.h(459): note: see declaration of 'close'
d:\sphinx\sphinxtrain\src\libs\libio\s3io.c(742): warning C4996: 'open': The POSIX name for this item is deprecated. Instead, use the ISO C and C++ conformant name: _open. See online help for details.
  c:\program files (x86)\windows kits\10\include\10.0.17134.0\ucrt\corecrt_io.h(516): note: see declaration of 'open'
d:\sphinx\sphinxtrain\src\libs\libio\s3io.c(750): warning C4996: 'write': The POSIX name for this item is deprecated. Instead, use the ISO C and C++ conformant name: _write. See online help for details.
  c:\program files (x86)\windows kits\10\include\10.0.17134.0\ucrt\corecrt_io.h(558): note: see declaration of 'write'
d:\sphinx\sphinxtrain\src\libs\libio\s3io.c(754): warning C4996: 'close': The POSIX name for this item is deprecated. Instead, use the ISO C and C++ conformant name: _close. See online help for details.
  c:\program files (x86)\windows kits\10\include\10.0.17134.0\ucrt\corecrt_io.h(459): note: see declaration of 'close'
d:\sphinx\sphinxtrain\src\libs\libio\s3io.c(762): warning C4996: 'write': The POSIX name for this item is deprecated. Instead, use the ISO C and C++ conformant name: _write. See online help for details.
  c:\program files (x86)\windows kits\10\include\10.0.17134.0\ucrt\corecrt_io.h(558): note: see declaration of 'write'
d:\sphinx\sphinxtrain\src\libs\libio\s3io.c(766): warning C4996: 'close': The POSIX name for this item is deprecated. Instead, use the ISO C and C++ conformant name: _close. See online help for details.
  c:\program files (x86)\windows kits\10\include\10.0.17134.0\ucrt\corecrt_io.h(459): note: see declaration of 'close'
d:\sphinx\sphinxtrain\src\libs\libio\s3io.c(773): warning C4996: 'close': The POSIX name for this item is deprecated. Instead, use the ISO C and C++ conformant name: _close. See online help for details.
  c:\program files (x86)\windows kits\10\include\10.0.17134.0\ucrt\corecrt_io.h(459): note: see declaration of 'close'
  s3gau_io.c
  s3gau_full_io.c
  s3cb2mllr_io.c
  s3acc_io.c
d:\sphinx\sphinxtrain\src\libs\libio\s3acc_io.c(268): warning C4018: '<': signed/unsigned mismatch
d:\sphinx\sphinxtrain\src\libs\libio\s3acc_io.c(391): warning C4018: '<': signed/unsigned mismatch
d:\sphinx\sphinxtrain\src\libs\libio\s3acc_io.c(509): warning C4018: '<': signed/unsigned mismatch
  pset_io.c
d:\sphinx\sphinxtrain\src\libs\libio\pset_io.c(96): warning C4996: 'strdup': The POSIX name for this item is deprecated. Instead, use the ISO C and C++ conformant name: _strdup. See online help for details.
  c:\program files (x86)\windows kits\10\include\10.0.17134.0\ucrt\string.h(536): note: see declaration of 'strdup'
d:\sphinx\sphinxtrain\src\libs\libio\pset_io.c(110): warning C4996: 'strdup': The POSIX name for this item is deprecated. Instead, use the ISO C and C++ conformant name: _strdup. See online help for details.
  c:\program files (x86)\windows kits\10\include\10.0.17134.0\ucrt\string.h(536): note: see declaration of 'strdup'
  model_def_io.c
  corpus.c
d:\sphinx\sphinxtrain\src\libs\libio\corpus.c(238): warning C4996: 'strdup': The POSIX name for this item is deprecated. Instead, use the ISO C and C++ conformant name: _strdup. See online help for details.
  c:\program files (x86)\windows kits\10\include\10.0.17134.0\ucrt\string.h(536): note: see declaration of 'strdup'
d:\sphinx\sphinxtrain\src\libs\libio\corpus.c(249): warning C4996: 'strdup': The POSIX name for this item is deprecated. Instead, use the ISO C and C++ conformant name: _strdup. See online help for details.
  c:\program files (x86)\windows kits\10\include\10.0.17134.0\ucrt\string.h(536): note: see declaration of 'strdup'
d:\sphinx\sphinxtrain\src\libs\libio\corpus.c(271): warning C4996: 'strdup': The POSIX name for this item is deprecated. Instead, use the ISO C and C++ conformant name: _strdup. See online help for details.
  c:\program files (x86)\windows kits\10\include\10.0.17134.0\ucrt\string.h(536): note: see declaration of 'strdup'
d:\sphinx\sphinxtrain\src\libs\libio\corpus.c(1113): warning C4996: 'strdup': The POSIX name for this item is deprecated. Instead, use the ISO C and C++ conformant name: _strdup. See online help for details.
  c:\program files (x86)\windows kits\10\include\10.0.17134.0\ucrt\string.h(536): note: see declaration of 'strdup'
d:\sphinx\sphinxtrain\src\libs\libio\corpus.c(1145): warning C4267: '=': conversion from 'size_t' to 'int', possible loss of data
d:\sphinx\sphinxtrain\src\libs\libio\corpus.c(1168): warning C4267: '=': conversion from 'size_t' to 'int', possible loss of data
d:\sphinx\sphinxtrain\src\libs\libio\corpus.c(1279): warning C4996: 'strdup': The POSIX name for this item is deprecated. Instead, use the ISO C and C++ conformant name: _strdup. See online help for details.
  c:\program files (x86)\windows kits\10\include\10.0.17134.0\ucrt\string.h(536): note: see declaration of 'strdup'
d:\sphinx\sphinxtrain\src\libs\libio\corpus.c(1314): warning C4013: 'areadfloat' undefined; assuming extern returning int
d:\sphinx\sphinxtrain\src\libs\libio\corpus.c(1318): warning C4013: 'areadfloat_part' undefined; assuming extern returning int
d:\sphinx\sphinxtrain\src\libs\libio\corpus.c(1388): warning C4013: 'areadshort' undefined; assuming extern returning int
d:\sphinx\sphinxtrain\src\libs\libio\corpus.c(1432): warning C4267: '=': conversion from 'size_t' to 'int', possible loss of data
d:\sphinx\sphinxtrain\src\libs\libio\corpus.c(1449): warning C4267: 'initializing': conversion from 'size_t' to 'int', possible loss of data
d:\sphinx\sphinxtrain\src\libs\libio\corpus.c(1484): warning C4996: 'strdup': The POSIX name for this item is deprecated. Instead, use the ISO C and C++ conformant name: _strdup. See online help for details.
  c:\program files (x86)\windows kits\10\include\10.0.17134.0\ucrt\string.h(536): note: see declaration of 'strdup'
  Generating Code...
  libio.vcxproj -> D:\sphinx\sphinxtrain\win32\libs\libio\.\..\..\..\lib\Debug\x64\libio.lib
