  vector.c
d:\sphinx\pocketsphinx\src\libpocketsphinx\vector.c(102): warning C4244: '*=': conversion from 'float64' to 'float32', possible loss of data
  tmat.c
  state_align_search.c
  s2_semi_mgau.c
  ptm_mgau.c
d:\sphinx\pocketsphinx\src\libpocketsphinx\ptm_mgau.c(843): warning C4244: '=': conversion from 'int16' to 'uint8', possible loss of data
  ps_mllr.c
  ps_lattice.c
d:\sphinx\pocketsphinx\src\libpocketsphinx\ps_lattice.c(451): warning C4244: 'initializing': conversion from 'float64' to 'float32', possible loss of data
d:\sphinx\pocketsphinx\src\libpocketsphinx\ps_lattice.c(1244): warning C4244: '+=': conversion from 'float32' to 'int32', possible loss of data
d:\sphinx\pocketsphinx\src\libpocketsphinx\ps_lattice.c(1287): warning C4244: '+=': conversion from 'float32' to 'int32', possible loss of data
d:\sphinx\pocketsphinx\src\libpocketsphinx\ps_lattice.c(1321): warning C4244: '+=': conversion from 'float32' to 'int32', possible loss of data
d:\sphinx\pocketsphinx\src\libpocketsphinx\ps_lattice.c(1324): warning C4244: '+=': conversion from 'float32' to 'int32', possible loss of data
d:\sphinx\pocketsphinx\src\libpocketsphinx\ps_lattice.c(1374): warning C4244: '+=': conversion from 'float32' to 'int32', possible loss of data
d:\sphinx\pocketsphinx\src\libpocketsphinx\ps_lattice.c(1396): warning C4244: '=': conversion from 'float32' to 'int32', possible loss of data
d:\sphinx\pocketsphinx\src\libpocketsphinx\ps_lattice.c(1433): warning C4244: '+=': conversion from 'float32' to 'int32', possible loss of data
d:\sphinx\pocketsphinx\src\libpocketsphinx\ps_lattice.c(1503): warning C4244: '=': conversion from 'float32' to 'int32', possible loss of data
d:\sphinx\pocketsphinx\src\libpocketsphinx\ps_lattice.c(1510): warning C4244: 'function': conversion from 'float32' to 'int', possible loss of data
d:\sphinx\pocketsphinx\src\libpocketsphinx\ps_lattice.c(1593): warning C4244: '+=': conversion from 'float32' to 'int32', possible loss of data
d:\sphinx\pocketsphinx\src\libpocketsphinx\ps_lattice.c(1678): warning C4244: '+=': conversion from 'float32' to 'int32', possible loss of data
d:\sphinx\pocketsphinx\src\libpocketsphinx\ps_lattice.c(1684): warning C4244: '+=': conversion from 'float32' to 'int32', possible loss of data
d:\sphinx\pocketsphinx\src\libpocketsphinx\ps_lattice.c(1755): warning C4244: '=': conversion from 'float32' to 'int32', possible loss of data
  ps_alignment.c
  pocketsphinx.c
d:\sphinx\pocketsphinx\src\libpocketsphinx\pocketsphinx.c(299): warning C4244: '=': conversion from 'float32' to 'int32', possible loss of data
d:\sphinx\pocketsphinx\src\libpocketsphinx\pocketsphinx.c(319): warning C4244: 'function': conversion from 'int32' to 'float32', possible loss of data
  phone_loop_search.c
d:\sphinx\pocketsphinx\src\libpocketsphinx\phone_loop_search.c(230): warning C4244: '=': conversion from 'float64' to 'int32', possible loss of data
  ngram_search_fwdtree.c
  ngram_search_fwdflat.c
d:\sphinx\pocketsphinx\src\libpocketsphinx\ngram_search_fwdflat.c(709): warning C4244: '+=': conversion from 'float32' to 'int32', possible loss of data
  ngram_search.c
d:\sphinx\pocketsphinx\src\libpocketsphinx\ngram_search.c(93): warning C4090: 'function': different 'const' qualifiers
d:\sphinx\pocketsphinx\src\libpocketsphinx\ngram_search.c(136): warning C4244: '=': conversion from 'double' to 'float32', possible loss of data
d:\sphinx\pocketsphinx\src\libpocketsphinx\ngram_search.c(721): warning C4244: '=': conversion from 'float32' to 'int32', possible loss of data
d:\sphinx\pocketsphinx\src\libpocketsphinx\ngram_search.c(1041): warning C4244: 'function': conversion from 'double' to 'float32', possible loss of data
d:\sphinx\pocketsphinx\src\libpocketsphinx\ngram_search.c(1186): warning C4244: '=': conversion from 'float32' to 'int32', possible loss of data
d:\sphinx\pocketsphinx\src\libpocketsphinx\ngram_search.c(1242): warning C4244: '=': conversion from 'double' to 'float', possible loss of data
  ms_senone.c
d:\sphinx\pocketsphinx\src\libpocketsphinx\ms_senone.c(118): warning C4018: '<': signed/unsigned mismatch
d:\sphinx\pocketsphinx\src\libpocketsphinx\ms_senone.c(224): warning C4018: '<': signed/unsigned mismatch
d:\sphinx\pocketsphinx\src\libpocketsphinx\ms_senone.c(225): warning C4018: '<': signed/unsigned mismatch
d:\sphinx\pocketsphinx\src\libpocketsphinx\ms_senone.c(240): warning C4018: '<': signed/unsigned mismatch
d:\sphinx\pocketsphinx\src\libpocketsphinx\ms_senone.c(314): warning C4018: '<': signed/unsigned mismatch
d:\sphinx\pocketsphinx\src\libpocketsphinx\ms_senone.c(325): warning C4018: '<': signed/unsigned mismatch
d:\sphinx\pocketsphinx\src\libpocketsphinx\ms_senone.c(371): warning C4018: '<': signed/unsigned mismatch
d:\sphinx\pocketsphinx\src\libpocketsphinx\ms_senone.c(372): warning C4018: '<=': signed/unsigned mismatch
d:\sphinx\pocketsphinx\src\libpocketsphinx\ms_senone.c(376): warning C4018: '<': signed/unsigned mismatch
  ms_mgau.c
d:\sphinx\pocketsphinx\src\libpocketsphinx\ms_mgau.c(136): warning C4018: '>': signed/unsigned mismatch
d:\sphinx\pocketsphinx\src\libpocketsphinx\ms_mgau.c(139): warning C4018: '<': signed/unsigned mismatch
d:\sphinx\pocketsphinx\src\libpocketsphinx\ms_mgau.c(219): warning C4018: '<': signed/unsigned mismatch
d:\sphinx\pocketsphinx\src\libpocketsphinx\ms_mgau.c(227): warning C4018: '<': signed/unsigned mismatch
  ms_gauden.c
  mdef.c
  kws_search.c
  kws_detections.c
  hmm.c
  Generating Code...
  Compiling...
  fsg_search.c
d:\sphinx\pocketsphinx\src\libpocketsphinx\fsg_search.c(214): warning C4244: '=': conversion from 'float32' to 'int32', possible loss of data
d:\sphinx\pocketsphinx\src\libpocketsphinx\fsg_search.c(223): warning C4244: '=': conversion from 'double' to 'float32', possible loss of data
  fsg_lextree.c
  fsg_history.c
  dict2pid.c
  dict.c
  blkarray_list.c
  bin_mdef.c
d:\sphinx\pocketsphinx\src\libpocketsphinx\bin_mdef.c(148): warning C4244: '=': conversion from 'int16' to 'uint8', possible loss of data
d:\sphinx\pocketsphinx\src\libpocketsphinx\bin_mdef.c(149): warning C4244: '=': conversion from 'int16' to 'uint8', possible loss of data
d:\sphinx\pocketsphinx\src\libpocketsphinx\bin_mdef.c(150): warning C4244: '=': conversion from 'int16' to 'uint8', possible loss of data
  allphone_search.c
d:\sphinx\pocketsphinx\src\libpocketsphinx\allphone_search.c(544): warning C4244: '=': conversion from 'float32' to 'int32', possible loss of data
d:\sphinx\pocketsphinx\src\libpocketsphinx\allphone_search.c(603): warning C4244: '=': conversion from 'double' to 'float32', possible loss of data
  acmod.c
d:\sphinx\pocketsphinx\src\libpocketsphinx\acmod.c(186): warning C4244: '=': conversion from 'double' to 'mfcc_t', possible loss of data
d:\sphinx\pocketsphinx\src\libpocketsphinx\acmod.c(191): warning C4244: '=': conversion from 'double' to 'mfcc_t', possible loss of data
d:\sphinx\pocketsphinx\src\libpocketsphinx\acmod.c(540): warning C4018: '<': signed/unsigned mismatch
  Generating Code...
     Creating library ..\..\bin\Debug\Win32/pocketsphinx.lib and object ..\..\bin\Debug\Win32/pocketsphinx.exp
  pocketsphinx.vcxproj -> D:\sphinx\pocketsphinx\\bin\Debug\Win32\pocketsphinx.dll
