d:\sphinx\pocketsphinx\win32\pocketsphinx\debug\win32\vc141.pdb
d:\sphinx\pocketsphinx\win32\pocketsphinx\debug\win32\vc141.idb
d:\sphinx\pocketsphinx\win32\pocketsphinx\debug\win32\hmm.obj
d:\sphinx\pocketsphinx\win32\pocketsphinx\debug\win32\kws_detections.obj
d:\sphinx\pocketsphinx\win32\pocketsphinx\debug\win32\kws_search.obj
d:\sphinx\pocketsphinx\win32\pocketsphinx\debug\win32\mdef.obj
d:\sphinx\pocketsphinx\win32\pocketsphinx\debug\win32\ms_gauden.obj
d:\sphinx\pocketsphinx\win32\pocketsphinx\debug\win32\ms_mgau.obj
d:\sphinx\pocketsphinx\win32\pocketsphinx\debug\win32\ms_senone.obj
d:\sphinx\pocketsphinx\win32\pocketsphinx\debug\win32\ngram_search.obj
d:\sphinx\pocketsphinx\win32\pocketsphinx\debug\win32\ngram_search_fwdflat.obj
d:\sphinx\pocketsphinx\win32\pocketsphinx\debug\win32\ngram_search_fwdtree.obj
d:\sphinx\pocketsphinx\win32\pocketsphinx\debug\win32\phone_loop_search.obj
d:\sphinx\pocketsphinx\win32\pocketsphinx\debug\win32\pocketsphinx.obj
d:\sphinx\pocketsphinx\win32\pocketsphinx\debug\win32\ps_alignment.obj
d:\sphinx\pocketsphinx\win32\pocketsphinx\debug\win32\ps_lattice.obj
d:\sphinx\pocketsphinx\win32\pocketsphinx\debug\win32\ps_mllr.obj
d:\sphinx\pocketsphinx\win32\pocketsphinx\debug\win32\ptm_mgau.obj
d:\sphinx\pocketsphinx\win32\pocketsphinx\debug\win32\s2_semi_mgau.obj
d:\sphinx\pocketsphinx\win32\pocketsphinx\debug\win32\state_align_search.obj
d:\sphinx\pocketsphinx\win32\pocketsphinx\debug\win32\tmat.obj
d:\sphinx\pocketsphinx\win32\pocketsphinx\debug\win32\vector.obj
d:\sphinx\pocketsphinx\win32\pocketsphinx\debug\win32\acmod.obj
d:\sphinx\pocketsphinx\win32\pocketsphinx\debug\win32\allphone_search.obj
d:\sphinx\pocketsphinx\win32\pocketsphinx\debug\win32\bin_mdef.obj
d:\sphinx\pocketsphinx\win32\pocketsphinx\debug\win32\blkarray_list.obj
d:\sphinx\pocketsphinx\win32\pocketsphinx\debug\win32\dict.obj
d:\sphinx\pocketsphinx\win32\pocketsphinx\debug\win32\dict2pid.obj
d:\sphinx\pocketsphinx\win32\pocketsphinx\debug\win32\fsg_history.obj
d:\sphinx\pocketsphinx\win32\pocketsphinx\debug\win32\fsg_lextree.obj
d:\sphinx\pocketsphinx\win32\pocketsphinx\debug\win32\fsg_search.obj
d:\sphinx\pocketsphinx\bin\debug\win32\pocketsphinx.ilk
d:\sphinx\pocketsphinx\bin\debug\win32\pocketsphinx.dll
d:\sphinx\pocketsphinx\bin\debug\win32\pocketsphinx.pdb
d:\sphinx\pocketsphinx\bin\debug\win32\pocketsphinx.lib
d:\sphinx\pocketsphinx\bin\debug\win32\pocketsphinx.exp
d:\sphinx\pocketsphinx\\bin\debug\win32\pocketsphinx.pdb
d:\sphinx\pocketsphinx\\bin\debug\win32\pocketsphinx.dll
d:\sphinx\pocketsphinx\\bin\debug\win32\pocketsphinx.ilk
d:\sphinx\pocketsphinx\win32\pocketsphinx\debug\win32\pocketsphinx.tlog\cl.command.1.tlog
d:\sphinx\pocketsphinx\win32\pocketsphinx\debug\win32\pocketsphinx.tlog\cl.read.1.tlog
d:\sphinx\pocketsphinx\win32\pocketsphinx\debug\win32\pocketsphinx.tlog\cl.write.1.tlog
d:\sphinx\pocketsphinx\win32\pocketsphinx\debug\win32\pocketsphinx.tlog\link.command.1.tlog
d:\sphinx\pocketsphinx\win32\pocketsphinx\debug\win32\pocketsphinx.tlog\link.read.1.tlog
d:\sphinx\pocketsphinx\win32\pocketsphinx\debug\win32\pocketsphinx.tlog\link.write.1.tlog
d:\sphinx\pocketsphinx\win32\pocketsphinx\debug\win32\pocketsphinx.tlog\pocketsphinx.write.1u.tlog
