  acmod_set.c
d:\sphinx\sphinxtrain\src\libs\libcommon\acmod_set.c(211): warning C4996: 'strdup': The POSIX name for this item is deprecated. Instead, use the ISO C and C++ conformant name: _strdup. See online help for details.
  c:\program files (x86)\windows kits\10\include\10.0.17134.0\ucrt\string.h(536): note: see declaration of 'strdup'
d:\sphinx\sphinxtrain\src\libs\libcommon\acmod_set.c(272): warning C4996: 'strdup': The POSIX name for this item is deprecated. Instead, use the ISO C and C++ conformant name: _strdup. See online help for details.
  c:\program files (x86)\windows kits\10\include\10.0.17134.0\ucrt\string.h(536): note: see declaration of 'strdup'
d:\sphinx\sphinxtrain\src\libs\libcommon\acmod_set.c(884): warning C4996: 'strdup': The POSIX name for this item is deprecated. Instead, use the ISO C and C++ conformant name: _strdup. See online help for details.
  c:\program files (x86)\windows kits\10\include\10.0.17134.0\ucrt\string.h(536): note: see declaration of 'strdup'
  best_q.c
d:\sphinx\sphinxtrain\src\libs\libcommon\best_q.c(199): warning C4244: '*=': conversion from 'float64' to 'float32', possible loss of data
d:\sphinx\sphinxtrain\src\libs\libcommon\best_q.c(214): warning C4244: '*=': conversion from 'float64' to 'float32', possible loss of data
d:\sphinx\sphinxtrain\src\libs\libcommon\best_q.c(224): warning C4244: '*=': conversion from 'float64' to 'float32', possible loss of data
d:\sphinx\sphinxtrain\src\libs\libcommon\best_q.c(226): warning C4244: '=': conversion from 'float64' to 'float32', possible loss of data
d:\sphinx\sphinxtrain\src\libs\libcommon\best_q.c(232): warning C4244: '*=': conversion from 'float64' to 'float32', possible loss of data
d:\sphinx\sphinxtrain\src\libs\libcommon\best_q.c(234): warning C4244: '=': conversion from 'float64' to 'float32', possible loss of data
d:\sphinx\sphinxtrain\src\libs\libcommon\best_q.c(244): warning C4244: 'function': conversion from 'float64' to 'float32', possible loss of data
d:\sphinx\sphinxtrain\src\libs\libcommon\best_q.c(245): warning C4244: 'function': conversion from 'float64' to 'float32', possible loss of data
d:\sphinx\sphinxtrain\src\libs\libcommon\best_q.c(341): warning C4018: '<': signed/unsigned mismatch
d:\sphinx\sphinxtrain\src\libs\libcommon\best_q.c(438): warning C4244: '*=': conversion from 'float64' to 'float32', possible loss of data
d:\sphinx\sphinxtrain\src\libs\libcommon\best_q.c(446): warning C4244: '*=': conversion from 'float64' to 'float32', possible loss of data
d:\sphinx\sphinxtrain\src\libs\libcommon\best_q.c(448): warning C4244: '=': conversion from 'float64' to 'float32', possible loss of data
d:\sphinx\sphinxtrain\src\libs\libcommon\best_q.c(532): warning C4244: '*=': conversion from 'float64' to 'float32', possible loss of data
d:\sphinx\sphinxtrain\src\libs\libcommon\best_q.c(539): warning C4244: '*=': conversion from 'float64' to 'float32', possible loss of data
d:\sphinx\sphinxtrain\src\libs\libcommon\best_q.c(540): warning C4244: '*=': conversion from 'float64' to 'float32', possible loss of data
d:\sphinx\sphinxtrain\src\libs\libcommon\best_q.c(559): warning C4244: '*=': conversion from 'float64' to 'float32', possible loss of data
d:\sphinx\sphinxtrain\src\libs\libcommon\best_q.c(566): warning C4244: '*=': conversion from 'float64' to 'float32', possible loss of data
d:\sphinx\sphinxtrain\src\libs\libcommon\best_q.c(567): warning C4244: '*=': conversion from 'float64' to 'float32', possible loss of data
d:\sphinx\sphinxtrain\src\libs\libcommon\best_q.c(580): warning C4244: 'function': conversion from 'float64' to 'float32', possible loss of data
d:\sphinx\sphinxtrain\src\libs\libcommon\best_q.c(581): warning C4244: 'function': conversion from 'float64' to 'float32', possible loss of data
  ck_seg.c
  cvt2triphone.c
  dtree.c
d:\sphinx\sphinxtrain\src\libs\libcommon\dtree.c(728): warning C4018: '<': signed/unsigned mismatch
d:\sphinx\sphinxtrain\src\libs\libcommon\dtree.c(758): warning C4018: '<': signed/unsigned mismatch
d:\sphinx\sphinxtrain\src\libs\libcommon\dtree.c(893): warning C4244: '=': conversion from 'float64' to 'float32', possible loss of data
d:\sphinx\sphinxtrain\src\libs\libcommon\dtree.c(920): warning C4244: '=': conversion from 'float64' to 'float32', possible loss of data
d:\sphinx\sphinxtrain\src\libs\libcommon\dtree.c(970): warning C4244: '*=': conversion from 'float64' to 'float32', possible loss of data
d:\sphinx\sphinxtrain\src\libs\libcommon\dtree.c(1700): warning C4244: 'function': conversion from 'float64' to 'float32', possible loss of data
  heap.c
  itree.c
  lexicon.c
d:\sphinx\sphinxtrain\src\libs\libcommon\lexicon.c(202): warning C4013: 'str2words' undefined; assuming extern returning int
d:\sphinx\sphinxtrain\src\libs\libcommon\lexicon.c(185): warning C4996: 'strdup': The POSIX name for this item is deprecated. Instead, use the ISO C and C++ conformant name: _strdup. See online help for details.
  c:\program files (x86)\windows kits\10\include\10.0.17134.0\ucrt\string.h(536): note: see declaration of 'strdup'
  mk_phone_list.c
d:\sphinx\sphinxtrain\src\libs\libcommon\mk_phone_list.c(101): warning C4267: '=': conversion from 'size_t' to 'uint32', possible loss of data
  mk_phone_seq.c
d:\sphinx\sphinxtrain\src\libs\libcommon\mk_phone_seq.c(71): warning C4013: 'str2words' undefined; assuming extern returning int
  mk_sseq.c
  mk_trans_seq.c
  mk_ts2ci.c
  quest.c
d:\sphinx\sphinxtrain\src\libs\libcommon\quest.c(311): warning C4267: '=': conversion from 'size_t' to 'int', possible loss of data
d:\sphinx\sphinxtrain\src\libs\libcommon\quest.c(492): warning C4018: '<': signed/unsigned mismatch
d:\sphinx\sphinxtrain\src\libs\libcommon\quest.c(493): warning C4018: '<': signed/unsigned mismatch
d:\sphinx\sphinxtrain\src\libs\libcommon\quest.c(517): warning C4018: '<': signed/unsigned mismatch
d:\sphinx\sphinxtrain\src\libs\libcommon\quest.c(521): warning C4018: '<': signed/unsigned mismatch
d:\sphinx\sphinxtrain\src\libs\libcommon\quest.c(638): warning C4018: '<': signed/unsigned mismatch
d:\sphinx\sphinxtrain\src\libs\libcommon\quest.c(640): warning C4018: '<': signed/unsigned mismatch
  remap.c
d:\sphinx\sphinxtrain\src\libs\libcommon\remap.c(67): warning C4244: '=': conversion from 'double' to 'uint32', possible loss of data
  state_seq.c
d:\sphinx\sphinxtrain\src\libs\libcommon\state_seq.c(121): warning C4267: '=': conversion from 'size_t' to 'unsigned int', possible loss of data
d:\sphinx\sphinxtrain\src\libs\libcommon\state_seq.c(126): warning C4267: '=': conversion from 'size_t' to 'unsigned int', possible loss of data
  ts2cb.c
  vector.c
d:\sphinx\sphinxtrain\src\libs\libcommon\vector.c(98): warning C4244: '/=': conversion from 'float64' to 'float', possible loss of data
d:\sphinx\sphinxtrain\src\libs\libcommon\vector.c(119): warning C4244: '*=': conversion from 'float64' to 'float32', possible loss of data
  was_added.c
  Generating Code...
  libcommon.vcxproj -> D:\sphinx\sphinxtrain\win32\libs\libcommon\.\..\..\..\lib\Release\x64\libcommon.lib
