  mk_s2sendump.c
d:\sphinx\sphinxtrain\src\programs\mk_s2sendump\mk_s2sendump.c(121): warning C4018: '<': signed/unsigned mismatch
d:\sphinx\sphinxtrain\src\programs\mk_s2sendump\mk_s2sendump.c(142): warning C4018: '<': signed/unsigned mismatch
d:\sphinx\sphinxtrain\src\programs\mk_s2sendump\mk_s2sendump.c(152): warning C4018: '<': signed/unsigned mismatch
d:\sphinx\sphinxtrain\src\programs\mk_s2sendump\mk_s2sendump.c(157): warning C4018: '>': signed/unsigned mismatch
d:\sphinx\sphinxtrain\src\programs\mk_s2sendump\mk_s2sendump.c(240): warning C4018: '<': signed/unsigned mismatch
d:\sphinx\sphinxtrain\src\programs\mk_s2sendump\mk_s2sendump.c(247): warning C4018: '<': signed/unsigned mismatch
  parse_cmd_ln.c
  senone.c
d:\sphinx\sphinxtrain\src\programs\mk_s2sendump\senone.c(122): warning C4018: '<': signed/unsigned mismatch
d:\sphinx\sphinxtrain\src\programs\mk_s2sendump\senone.c(134): warning C4018: '<': signed/unsigned mismatch
d:\sphinx\sphinxtrain\src\programs\mk_s2sendump\senone.c(164): warning C4018: '<': signed/unsigned mismatch
d:\sphinx\sphinxtrain\src\programs\mk_s2sendump\senone.c(171): warning C4018: '<': signed/unsigned mismatch
d:\sphinx\sphinxtrain\src\programs\mk_s2sendump\senone.c(177): warning C4018: '<': signed/unsigned mismatch
d:\sphinx\sphinxtrain\src\programs\mk_s2sendump\senone.c(186): warning C4018: '<': signed/unsigned mismatch
d:\sphinx\sphinxtrain\src\programs\mk_s2sendump\senone.c(190): warning C4018: '<': signed/unsigned mismatch
d:\sphinx\sphinxtrain\src\programs\mk_s2sendump\senone.c(260): warning C4018: '<': signed/unsigned mismatch
d:\sphinx\sphinxtrain\src\programs\mk_s2sendump\senone.c(265): warning C4018: '<': signed/unsigned mismatch
d:\sphinx\sphinxtrain\src\programs\mk_s2sendump\senone.c(293): warning C4018: '<': signed/unsigned mismatch
d:\sphinx\sphinxtrain\src\programs\mk_s2sendump\senone.c(298): warning C4018: '<': signed/unsigned mismatch
d:\sphinx\sphinxtrain\src\programs\mk_s2sendump\senone.c(307): warning C4244: 'function': conversion from 'float64' to 'float32', possible loss of data
  Generating Code...
  mk_s2sendump.vcxproj -> D:\sphinx\sphinxtrain\win32\programs\mk_s2sendump\.\..\..\..\bin\Release\Win32\mk_s2sendump.exe
