Current configuration:
[NAME]			[DEFLT]		[VALUE]
-alpha			0.97		9.700000e-01
-argfile				
-blocksize		2048		2048
-build_outdirs		yes		yes
-c					D:/Lecture/Master_Course/CMU_Sphinx_Speech_Processing/TDTU_CMUSphinx_Report/other/etc/other_train.fileids
-cep2spec		no		no
-di					D:/Lecture/Master_Course/CMU_Sphinx_Speech_Processing/TDTU_CMUSphinx_Report/other/wav
-dither			no		no
-do					D:/Lecture/Master_Course/CMU_Sphinx_Speech_Processing/TDTU_CMUSphinx_Report/other/feat
-doublebw		no		no
-ei					wav
-eo					mfc
-example		no		no
-frate			100		100
-help			no		no
-i					
-input_endian		little		little
-lifter			0		22
-logspec		no		no
-lowerf			133.33334	1.300000e+02
-mach_endian		little		little
-mswav			no		yes
-ncep			13		13
-nchans			1		1
-nfft			512		512
-nfilt			40		25
-nist			no		no
-npart			0		1
-nskip			0		0
-o					
-ofmt			sphinx		sphinx
-part			0		1
-raw			no		no
-remove_dc		no		no
-remove_noise		yes		yes
-remove_silence		yes		yes
-round_filters		yes		yes
-runlen			-1		-1
-samprate		16000		1.600000e+04
-seed			-1		-1
-smoothspec		no		no
-spec2cep		no		no
-sph2pipe		no		no
-transform		legacy		dct
-unit_area		yes		yes
-upperf			6855.4976	6.800000e+03
-vad_postspeech		50		50
-vad_prespeech		20		20
-vad_startspeech	10		10
-vad_threshold		3.0		3.000000e+00
-verbose		no		no
-warp_params				
-warp_type		inverse_linear	inverse_linear
-whichchan		0		0
-wlen			0.025625	2.562500e-02

INFO: sphinx_fe.c(971): Processing all remaining utterances at position 0
INFO: sphinx_fe.c(791): Converting D:/Lecture/Master_Course/CMU_Sphinx_Speech_Processing/TDTU_CMUSphinx_Report/other/wav/Speaker1/Ba.wav to D:/Lecture/Master_Course/CMU_Sphinx_Speech_Processing/TDTU_CMUSphinx_Report/other/feat/Speaker1/Ba.mfc
INFO: sphinx_fe.c(791): Converting D:/Lecture/Master_Course/CMU_Sphinx_Speech_Processing/TDTU_CMUSphinx_Report/other/wav/Speaker1/Ba_1.wav to D:/Lecture/Master_Course/CMU_Sphinx_Speech_Processing/TDTU_CMUSphinx_Report/other/feat/Speaker1/Ba_1.mfc
INFO: sphinx_fe.c(791): Converting D:/Lecture/Master_Course/CMU_Sphinx_Speech_Processing/TDTU_CMUSphinx_Report/other/wav/Speaker1/Ba_2.wav to D:/Lecture/Master_Course/CMU_Sphinx_Speech_Processing/TDTU_CMUSphinx_Report/other/feat/Speaker1/Ba_2.mfc
INFO: sphinx_fe.c(791): Converting D:/Lecture/Master_Course/CMU_Sphinx_Speech_Processing/TDTU_CMUSphinx_Report/other/wav/Speaker1/Ba_3.wav to D:/Lecture/Master_Course/CMU_Sphinx_Speech_Processing/TDTU_CMUSphinx_Report/other/feat/Speaker1/Ba_3.mfc
INFO: sphinx_fe.c(791): Converting D:/Lecture/Master_Course/CMU_Sphinx_Speech_Processing/TDTU_CMUSphinx_Report/other/wav/Speaker1/Ba_4.wav to D:/Lecture/Master_Course/CMU_Sphinx_Speech_Processing/TDTU_CMUSphinx_Report/other/feat/Speaker1/Ba_4.mfc
INFO: sphinx_fe.c(791): Converting D:/Lecture/Master_Course/CMU_Sphinx_Speech_Processing/TDTU_CMUSphinx_Report/other/wav/Speaker1/Ba_5.wav to D:/Lecture/Master_Course/CMU_Sphinx_Speech_Processing/TDTU_CMUSphinx_Report/other/feat/Speaker1/Ba_5.mfc
INFO: sphinx_fe.c(791): Converting D:/Lecture/Master_Course/CMU_Sphinx_Speech_Processing/TDTU_CMUSphinx_Report/other/wav/Speaker1/Ba_6.wav to D:/Lecture/Master_Course/CMU_Sphinx_Speech_Processing/TDTU_CMUSphinx_Report/other/feat/Speaker1/Ba_6.mfc
INFO: sphinx_fe.c(791): Converting D:/Lecture/Master_Course/CMU_Sphinx_Speech_Processing/TDTU_CMUSphinx_Report/other/wav/Speaker1/Ba_7.wav to D:/Lecture/Master_Course/CMU_Sphinx_Speech_Processing/TDTU_CMUSphinx_Report/other/feat/Speaker1/Ba_7.mfc
INFO: sphinx_fe.c(791): Converting D:/Lecture/Master_Course/CMU_Sphinx_Speech_Processing/TDTU_CMUSphinx_Report/other/wav/Speaker1/Ba_8.wav to D:/Lecture/Master_Course/CMU_Sphinx_Speech_Processing/TDTU_CMUSphinx_Report/other/feat/Speaker1/Ba_8.mfc
INFO: sphinx_fe.c(791): Converting D:/Lecture/Master_Course/CMU_Sphinx_Speech_Processing/TDTU_CMUSphinx_Report/other/wav/Speaker1/Ba_9.wav to D:/Lecture/Master_Course/CMU_Sphinx_Speech_Processing/TDTU_CMUSphinx_Report/other/feat/Speaker1/Ba_9.mfc
INFO: sphinx_fe.c(791): Converting D:/Lecture/Master_Course/CMU_Sphinx_Speech_Processing/TDTU_CMUSphinx_Report/other/wav/Speaker1/Ba_10.wav to D:/Lecture/Master_Course/CMU_Sphinx_Speech_Processing/TDTU_CMUSphinx_Report/other/feat/Speaker1/Ba_10.mfc
INFO: sphinx_fe.c(791): Converting D:/Lecture/Master_Course/CMU_Sphinx_Speech_Processing/TDTU_CMUSphinx_Report/other/wav/Speaker1/Ba_11.wav to D:/Lecture/Master_Course/CMU_Sphinx_Speech_Processing/TDTU_CMUSphinx_Report/other/feat/Speaker1/Ba_11.mfc
INFO: sphinx_fe.c(791): Converting D:/Lecture/Master_Course/CMU_Sphinx_Speech_Processing/TDTU_CMUSphinx_Report/other/wav/Speaker1/Ba_12.wav to D:/Lecture/Master_Course/CMU_Sphinx_Speech_Processing/TDTU_CMUSphinx_Report/other/feat/Speaker1/Ba_12.mfc
INFO: sphinx_fe.c(791): Converting D:/Lecture/Master_Course/CMU_Sphinx_Speech_Processing/TDTU_CMUSphinx_Report/other/wav/Speaker1/Ba_13.wav to D:/Lecture/Master_Course/CMU_Sphinx_Speech_Processing/TDTU_CMUSphinx_Report/other/feat/Speaker1/Ba_13.mfc
INFO: sphinx_fe.c(791): Converting D:/Lecture/Master_Course/CMU_Sphinx_Speech_Processing/TDTU_CMUSphinx_Report/other/wav/Speaker1/Ba_14.wav to D:/Lecture/Master_Course/CMU_Sphinx_Speech_Processing/TDTU_CMUSphinx_Report/other/feat/Speaker1/Ba_14.mfc
INFO: sphinx_fe.c(791): Converting D:/Lecture/Master_Course/CMU_Sphinx_Speech_Processing/TDTU_CMUSphinx_Report/other/wav/Speaker1/Ba_15.wav to D:/Lecture/Master_Course/CMU_Sphinx_Speech_Processing/TDTU_CMUSphinx_Report/other/feat/Speaker1/Ba_15.mfc
INFO: sphinx_fe.c(791): Converting D:/Lecture/Master_Course/CMU_Sphinx_Speech_Processing/TDTU_CMUSphinx_Report/other/wav/Speaker1/Ba_16.wav to D:/Lecture/Master_Course/CMU_Sphinx_Speech_Processing/TDTU_CMUSphinx_Report/other/feat/Speaker1/Ba_16.mfc
INFO: sphinx_fe.c(791): Converting D:/Lecture/Master_Course/CMU_Sphinx_Speech_Processing/TDTU_CMUSphinx_Report/other/wav/Speaker1/Ba_17.wav to D:/Lecture/Master_Course/CMU_Sphinx_Speech_Processing/TDTU_CMUSphinx_Report/other/feat/Speaker1/Ba_17.mfc
INFO: sphinx_fe.c(791): Converting D:/Lecture/Master_Course/CMU_Sphinx_Speech_Processing/TDTU_CMUSphinx_Report/other/wav/Speaker1/Ba_18.wav to D:/Lecture/Master_Course/CMU_Sphinx_Speech_Processing/TDTU_CMUSphinx_Report/other/feat/Speaker1/Ba_18.mfc
INFO: sphinx_fe.c(791): Converting D:/Lecture/Master_Course/CMU_Sphinx_Speech_Processing/TDTU_CMUSphinx_Report/other/wav/Speaker1/Ba_19.wav to D:/Lecture/Master_Course/CMU_Sphinx_Speech_Processing/TDTU_CMUSphinx_Report/other/feat/Speaker1/Ba_19.mfc
INFO: sphinx_fe.c(791): Converting D:/Lecture/Master_Course/CMU_Sphinx_Speech_Processing/TDTU_CMUSphinx_Report/other/wav/Speaker1/Ba_20.wav to D:/Lecture/Master_Course/CMU_Sphinx_Speech_Processing/TDTU_CMUSphinx_Report/other/feat/Speaker1/Ba_20.mfc
INFO: sphinx_fe.c(791): Converting D:/Lecture/Master_Course/CMU_Sphinx_Speech_Processing/TDTU_CMUSphinx_Report/other/wav/Speaker1/Bon.wav to D:/Lecture/Master_Course/CMU_Sphinx_Speech_Processing/TDTU_CMUSphinx_Report/other/feat/Speaker1/Bon.mfc
INFO: sphinx_fe.c(791): Converting D:/Lecture/Master_Course/CMU_Sphinx_Speech_Processing/TDTU_CMUSphinx_Report/other/wav/Speaker1/Bon_1.wav to D:/Lecture/Master_Course/CMU_Sphinx_Speech_Processing/TDTU_CMUSphinx_Report/other/feat/Speaker1/Bon_1.mfc
INFO: sphinx_fe.c(791): Converting D:/Lecture/Master_Course/CMU_Sphinx_Speech_Processing/TDTU_CMUSphinx_Report/other/wav/Speaker1/Bon_2.wav to D:/Lecture/Master_Course/CMU_Sphinx_Speech_Processing/TDTU_CMUSphinx_Report/other/feat/Speaker1/Bon_2.mfc
INFO: sphinx_fe.c(791): Converting D:/Lecture/Master_Course/CMU_Sphinx_Speech_Processing/TDTU_CMUSphinx_Report/other/wav/Speaker1/Bon_3.wav to D:/Lecture/Master_Course/CMU_Sphinx_Speech_Processing/TDTU_CMUSphinx_Report/other/feat/Speaker1/Bon_3.mfc
INFO: sphinx_fe.c(791): Converting D:/Lecture/Master_Course/CMU_Sphinx_Speech_Processing/TDTU_CMUSphinx_Report/other/wav/Speaker1/Bon_4.wav to D:/Lecture/Master_Course/CMU_Sphinx_Speech_Processing/TDTU_CMUSphinx_Report/other/feat/Speaker1/Bon_4.mfc
INFO: sphinx_fe.c(791): Converting D:/Lecture/Master_Course/CMU_Sphinx_Speech_Processing/TDTU_CMUSphinx_Report/other/wav/Speaker1/Bon_5.wav to D:/Lecture/Master_Course/CMU_Sphinx_Speech_Processing/TDTU_CMUSphinx_Report/other/feat/Speaker1/Bon_5.mfc
INFO: sphinx_fe.c(791): Converting D:/Lecture/Master_Course/CMU_Sphinx_Speech_Processing/TDTU_CMUSphinx_Report/other/wav/Speaker1/Bon_6.wav to D:/Lecture/Master_Course/CMU_Sphinx_Speech_Processing/TDTU_CMUSphinx_Report/other/feat/Speaker1/Bon_6.mfc
INFO: sphinx_fe.c(791): Converting D:/Lecture/Master_Course/CMU_Sphinx_Speech_Processing/TDTU_CMUSphinx_Report/other/wav/Speaker1/Bon_7.wav to D:/Lecture/Master_Course/CMU_Sphinx_Speech_Processing/TDTU_CMUSphinx_Report/other/feat/Speaker1/Bon_7.mfc
INFO: sphinx_fe.c(791): Converting D:/Lecture/Master_Course/CMU_Sphinx_Speech_Processing/TDTU_CMUSphinx_Report/other/wav/Speaker1/Bon_8.wav to D:/Lecture/Master_Course/CMU_Sphinx_Speech_Processing/TDTU_CMUSphinx_Report/other/feat/Speaker1/Bon_8.mfc
INFO: sphinx_fe.c(791): Converting D:/Lecture/Master_Course/CMU_Sphinx_Speech_Processing/TDTU_CMUSphinx_Report/other/wav/Speaker1/Bon_9.wav to D:/Lecture/Master_Course/CMU_Sphinx_Speech_Processing/TDTU_CMUSphinx_Report/other/feat/Speaker1/Bon_9.mfc
INFO: sphinx_fe.c(791): Converting D:/Lecture/Master_Course/CMU_Sphinx_Speech_Processing/TDTU_CMUSphinx_Report/other/wav/Speaker1/Bon_10.wav to D:/Lecture/Master_Course/CMU_Sphinx_Speech_Processing/TDTU_CMUSphinx_Report/other/feat/Speaker1/Bon_10.mfc
INFO: sphinx_fe.c(791): Converting D:/Lecture/Master_Course/CMU_Sphinx_Speech_Processing/TDTU_CMUSphinx_Report/other/wav/Speaker1/Bon_11.wav to D:/Lecture/Master_Course/CMU_Sphinx_Speech_Processing/TDTU_CMUSphinx_Report/other/feat/Speaker1/Bon_11.mfc
INFO: sphinx_fe.c(791): Converting D:/Lecture/Master_Course/CMU_Sphinx_Speech_Processing/TDTU_CMUSphinx_Report/other/wav/Speaker1/Bon_12.wav to D:/Lecture/Master_Course/CMU_Sphinx_Speech_Processing/TDTU_CMUSphinx_Report/other/feat/Speaker1/Bon_12.mfc
INFO: sphinx_fe.c(791): Converting D:/Lecture/Master_Course/CMU_Sphinx_Speech_Processing/TDTU_CMUSphinx_Report/other/wav/Speaker1/Bon_13.wav to D:/Lecture/Master_Course/CMU_Sphinx_Speech_Processing/TDTU_CMUSphinx_Report/other/feat/Speaker1/Bon_13.mfc
INFO: sphinx_fe.c(791): Converting D:/Lecture/Master_Course/CMU_Sphinx_Speech_Processing/TDTU_CMUSphinx_Report/other/wav/Speaker1/Bon_14.wav to D:/Lecture/Master_Course/CMU_Sphinx_Speech_Processing/TDTU_CMUSphinx_Report/other/feat/Speaker1/Bon_14.mfc
INFO: sphinx_fe.c(791): Converting D:/Lecture/Master_Course/CMU_Sphinx_Speech_Processing/TDTU_CMUSphinx_Report/other/wav/Speaker1/Bon_15.wav to D:/Lecture/Master_Course/CMU_Sphinx_Speech_Processing/TDTU_CMUSphinx_Report/other/feat/Speaker1/Bon_15.mfc
INFO: sphinx_fe.c(791): Converting D:/Lecture/Master_Course/CMU_Sphinx_Speech_Processing/TDTU_CMUSphinx_Report/other/wav/Speaker1/Bon_16.wav to D:/Lecture/Master_Course/CMU_Sphinx_Speech_Processing/TDTU_CMUSphinx_Report/other/feat/Speaker1/Bon_16.mfc
INFO: sphinx_fe.c(791): Converting D:/Lecture/Master_Course/CMU_Sphinx_Speech_Processing/TDTU_CMUSphinx_Report/other/wav/Speaker1/Bon_17.wav to D:/Lecture/Master_Course/CMU_Sphinx_Speech_Processing/TDTU_CMUSphinx_Report/other/feat/Speaker1/Bon_17.mfc
INFO: sphinx_fe.c(791): Converting D:/Lecture/Master_Course/CMU_Sphinx_Speech_Processing/TDTU_CMUSphinx_Report/other/wav/Speaker1/Bon_18.wav to D:/Lecture/Master_Course/CMU_Sphinx_Speech_Processing/TDTU_CMUSphinx_Report/other/feat/Speaker1/Bon_18.mfc
INFO: sphinx_fe.c(791): Converting D:/Lecture/Master_Course/CMU_Sphinx_Speech_Processing/TDTU_CMUSphinx_Report/other/wav/Speaker1/Bon_19.wav to D:/Lecture/Master_Course/CMU_Sphinx_Speech_Processing/TDTU_CMUSphinx_Report/other/feat/Speaker1/Bon_19.mfc
INFO: sphinx_fe.c(791): Converting D:/Lecture/Master_Course/CMU_Sphinx_Speech_Processing/TDTU_CMUSphinx_Report/other/wav/Speaker1/Bon_20.wav to D:/Lecture/Master_Course/CMU_Sphinx_Speech_Processing/TDTU_CMUSphinx_Report/other/feat/Speaker1/Bon_20.mfc
INFO: sphinx_fe.c(791): Converting D:/Lecture/Master_Course/CMU_Sphinx_Speech_Processing/TDTU_CMUSphinx_Report/other/wav/Speaker1/Hai.wav to D:/Lecture/Master_Course/CMU_Sphinx_Speech_Processing/TDTU_CMUSphinx_Report/other/feat/Speaker1/Hai.mfc
INFO: sphinx_fe.c(791): Converting D:/Lecture/Master_Course/CMU_Sphinx_Speech_Processing/TDTU_CMUSphinx_Report/other/wav/Speaker1/Hai_1.wav to D:/Lecture/Master_Course/CMU_Sphinx_Speech_Processing/TDTU_CMUSphinx_Report/other/feat/Speaker1/Hai_1.mfc
INFO: sphinx_fe.c(791): Converting D:/Lecture/Master_Course/CMU_Sphinx_Speech_Processing/TDTU_CMUSphinx_Report/other/wav/Speaker1/Hai_2.wav to D:/Lecture/Master_Course/CMU_Sphinx_Speech_Processing/TDTU_CMUSphinx_Report/other/feat/Speaker1/Hai_2.mfc
INFO: sphinx_fe.c(791): Converting D:/Lecture/Master_Course/CMU_Sphinx_Speech_Processing/TDTU_CMUSphinx_Report/other/wav/Speaker1/Hai_3.wav to D:/Lecture/Master_Course/CMU_Sphinx_Speech_Processing/TDTU_CMUSphinx_Report/other/feat/Speaker1/Hai_3.mfc
INFO: sphinx_fe.c(791): Converting D:/Lecture/Master_Course/CMU_Sphinx_Speech_Processing/TDTU_CMUSphinx_Report/other/wav/Speaker1/Hai_4.wav to D:/Lecture/Master_Course/CMU_Sphinx_Speech_Processing/TDTU_CMUSphinx_Report/other/feat/Speaker1/Hai_4.mfc
INFO: sphinx_fe.c(791): Converting D:/Lecture/Master_Course/CMU_Sphinx_Speech_Processing/TDTU_CMUSphinx_Report/other/wav/Speaker1/Hai_5.wav to D:/Lecture/Master_Course/CMU_Sphinx_Speech_Processing/TDTU_CMUSphinx_Report/other/feat/Speaker1/Hai_5.mfc
INFO: sphinx_fe.c(791): Converting D:/Lecture/Master_Course/CMU_Sphinx_Speech_Processing/TDTU_CMUSphinx_Report/other/wav/Speaker1/Hai_6.wav to D:/Lecture/Master_Course/CMU_Sphinx_Speech_Processing/TDTU_CMUSphinx_Report/other/feat/Speaker1/Hai_6.mfc
INFO: sphinx_fe.c(791): Converting D:/Lecture/Master_Course/CMU_Sphinx_Speech_Processing/TDTU_CMUSphinx_Report/other/wav/Speaker1/Hai_7.wav to D:/Lecture/Master_Course/CMU_Sphinx_Speech_Processing/TDTU_CMUSphinx_Report/other/feat/Speaker1/Hai_7.mfc
INFO: sphinx_fe.c(791): Converting D:/Lecture/Master_Course/CMU_Sphinx_Speech_Processing/TDTU_CMUSphinx_Report/other/wav/Speaker1/Hai_8.wav to D:/Lecture/Master_Course/CMU_Sphinx_Speech_Processing/TDTU_CMUSphinx_Report/other/feat/Speaker1/Hai_8.mfc
INFO: sphinx_fe.c(791): Converting D:/Lecture/Master_Course/CMU_Sphinx_Speech_Processing/TDTU_CMUSphinx_Report/other/wav/Speaker1/Hai_9.wav to D:/Lecture/Master_Course/CMU_Sphinx_Speech_Processing/TDTU_CMUSphinx_Report/other/feat/Speaker1/Hai_9.mfc
INFO: sphinx_fe.c(791): Converting D:/Lecture/Master_Course/CMU_Sphinx_Speech_Processing/TDTU_CMUSphinx_Report/other/wav/Speaker1/Hai_10.wav to D:/Lecture/Master_Course/CMU_Sphinx_Speech_Processing/TDTU_CMUSphinx_Report/other/feat/Speaker1/Hai_10.mfc
INFO: sphinx_fe.c(791): Converting D:/Lecture/Master_Course/CMU_Sphinx_Speech_Processing/TDTU_CMUSphinx_Report/other/wav/Speaker1/Hai_11.wav to D:/Lecture/Master_Course/CMU_Sphinx_Speech_Processing/TDTU_CMUSphinx_Report/other/feat/Speaker1/Hai_11.mfc
INFO: sphinx_fe.c(791): Converting D:/Lecture/Master_Course/CMU_Sphinx_Speech_Processing/TDTU_CMUSphinx_Report/other/wav/Speaker1/Hai_12.wav to D:/Lecture/Master_Course/CMU_Sphinx_Speech_Processing/TDTU_CMUSphinx_Report/other/feat/Speaker1/Hai_12.mfc
INFO: sphinx_fe.c(791): Converting D:/Lecture/Master_Course/CMU_Sphinx_Speech_Processing/TDTU_CMUSphinx_Report/other/wav/Speaker1/Hai_13.wav to D:/Lecture/Master_Course/CMU_Sphinx_Speech_Processing/TDTU_CMUSphinx_Report/other/feat/Speaker1/Hai_13.mfc
INFO: sphinx_fe.c(791): Converting D:/Lecture/Master_Course/CMU_Sphinx_Speech_Processing/TDTU_CMUSphinx_Report/other/wav/Speaker1/Hai_14.wav to D:/Lecture/Master_Course/CMU_Sphinx_Speech_Processing/TDTU_CMUSphinx_Report/other/feat/Speaker1/Hai_14.mfc
INFO: sphinx_fe.c(791): Converting D:/Lecture/Master_Course/CMU_Sphinx_Speech_Processing/TDTU_CMUSphinx_Report/other/wav/Speaker1/Hai_15.wav to D:/Lecture/Master_Course/CMU_Sphinx_Speech_Processing/TDTU_CMUSphinx_Report/other/feat/Speaker1/Hai_15.mfc
INFO: sphinx_fe.c(791): Converting D:/Lecture/Master_Course/CMU_Sphinx_Speech_Processing/TDTU_CMUSphinx_Report/other/wav/Speaker1/Hai_16.wav to D:/Lecture/Master_Course/CMU_Sphinx_Speech_Processing/TDTU_CMUSphinx_Report/other/feat/Speaker1/Hai_16.mfc
INFO: sphinx_fe.c(791): Converting D:/Lecture/Master_Course/CMU_Sphinx_Speech_Processing/TDTU_CMUSphinx_Report/other/wav/Speaker1/Hai_17.wav to D:/Lecture/Master_Course/CMU_Sphinx_Speech_Processing/TDTU_CMUSphinx_Report/other/feat/Speaker1/Hai_17.mfc
INFO: sphinx_fe.c(791): Converting D:/Lecture/Master_Course/CMU_Sphinx_Speech_Processing/TDTU_CMUSphinx_Report/other/wav/Speaker1/Hai_18.wav to D:/Lecture/Master_Course/CMU_Sphinx_Speech_Processing/TDTU_CMUSphinx_Report/other/feat/Speaker1/Hai_18.mfc
INFO: sphinx_fe.c(791): Converting D:/Lecture/Master_Course/CMU_Sphinx_Speech_Processing/TDTU_CMUSphinx_Report/other/wav/Speaker1/Hai_19.wav to D:/Lecture/Master_Course/CMU_Sphinx_Speech_Processing/TDTU_CMUSphinx_Report/other/feat/Speaker1/Hai_19.mfc
INFO: sphinx_fe.c(791): Converting D:/Lecture/Master_Course/CMU_Sphinx_Speech_Processing/TDTU_CMUSphinx_Report/other/wav/Speaker1/Hai_20.wav to D:/Lecture/Master_Course/CMU_Sphinx_Speech_Processing/TDTU_CMUSphinx_Report/other/feat/Speaker1/Hai_20.mfc
INFO: sphinx_fe.c(791): Converting D:/Lecture/Master_Course/CMU_Sphinx_Speech_Processing/TDTU_CMUSphinx_Report/other/wav/Speaker1/Mot.wav to D:/Lecture/Master_Course/CMU_Sphinx_Speech_Processing/TDTU_CMUSphinx_Report/other/feat/Speaker1/Mot.mfc
INFO: sphinx_fe.c(791): Converting D:/Lecture/Master_Course/CMU_Sphinx_Speech_Processing/TDTU_CMUSphinx_Report/other/wav/Speaker1/Mot_1.wav to D:/Lecture/Master_Course/CMU_Sphinx_Speech_Processing/TDTU_CMUSphinx_Report/other/feat/Speaker1/Mot_1.mfc
INFO: sphinx_fe.c(791): Converting D:/Lecture/Master_Course/CMU_Sphinx_Speech_Processing/TDTU_CMUSphinx_Report/other/wav/Speaker1/Mot_2.wav to D:/Lecture/Master_Course/CMU_Sphinx_Speech_Processing/TDTU_CMUSphinx_Report/other/feat/Speaker1/Mot_2.mfc
INFO: sphinx_fe.c(791): Converting D:/Lecture/Master_Course/CMU_Sphinx_Speech_Processing/TDTU_CMUSphinx_Report/other/wav/Speaker1/Mot_3.wav to D:/Lecture/Master_Course/CMU_Sphinx_Speech_Processing/TDTU_CMUSphinx_Report/other/feat/Speaker1/Mot_3.mfc
INFO: sphinx_fe.c(791): Converting D:/Lecture/Master_Course/CMU_Sphinx_Speech_Processing/TDTU_CMUSphinx_Report/other/wav/Speaker1/Mot_4.wav to D:/Lecture/Master_Course/CMU_Sphinx_Speech_Processing/TDTU_CMUSphinx_Report/other/feat/Speaker1/Mot_4.mfc
INFO: sphinx_fe.c(791): Converting D:/Lecture/Master_Course/CMU_Sphinx_Speech_Processing/TDTU_CMUSphinx_Report/other/wav/Speaker1/Mot_5.wav to D:/Lecture/Master_Course/CMU_Sphinx_Speech_Processing/TDTU_CMUSphinx_Report/other/feat/Speaker1/Mot_5.mfc
INFO: sphinx_fe.c(791): Converting D:/Lecture/Master_Course/CMU_Sphinx_Speech_Processing/TDTU_CMUSphinx_Report/other/wav/Speaker1/Mot_6.wav to D:/Lecture/Master_Course/CMU_Sphinx_Speech_Processing/TDTU_CMUSphinx_Report/other/feat/Speaker1/Mot_6.mfc
INFO: sphinx_fe.c(791): Converting D:/Lecture/Master_Course/CMU_Sphinx_Speech_Processing/TDTU_CMUSphinx_Report/other/wav/Speaker1/Mot_7.wav to D:/Lecture/Master_Course/CMU_Sphinx_Speech_Processing/TDTU_CMUSphinx_Report/other/feat/Speaker1/Mot_7.mfc
INFO: sphinx_fe.c(791): Converting D:/Lecture/Master_Course/CMU_Sphinx_Speech_Processing/TDTU_CMUSphinx_Report/other/wav/Speaker1/Mot_8.wav to D:/Lecture/Master_Course/CMU_Sphinx_Speech_Processing/TDTU_CMUSphinx_Report/other/feat/Speaker1/Mot_8.mfc
INFO: sphinx_fe.c(791): Converting D:/Lecture/Master_Course/CMU_Sphinx_Speech_Processing/TDTU_CMUSphinx_Report/other/wav/Speaker1/Mot_9.wav to D:/Lecture/Master_Course/CMU_Sphinx_Speech_Processing/TDTU_CMUSphinx_Report/other/feat/Speaker1/Mot_9.mfc
INFO: sphinx_fe.c(791): Converting D:/Lecture/Master_Course/CMU_Sphinx_Speech_Processing/TDTU_CMUSphinx_Report/other/wav/Speaker1/Mot_10.wav to D:/Lecture/Master_Course/CMU_Sphinx_Speech_Processing/TDTU_CMUSphinx_Report/other/feat/Speaker1/Mot_10.mfc
INFO: sphinx_fe.c(791): Converting D:/Lecture/Master_Course/CMU_Sphinx_Speech_Processing/TDTU_CMUSphinx_Report/other/wav/Speaker1/Mot_11.wav to D:/Lecture/Master_Course/CMU_Sphinx_Speech_Processing/TDTU_CMUSphinx_Report/other/feat/Speaker1/Mot_11.mfc
INFO: sphinx_fe.c(791): Converting D:/Lecture/Master_Course/CMU_Sphinx_Speech_Processing/TDTU_CMUSphinx_Report/other/wav/Speaker1/Mot_12.wav to D:/Lecture/Master_Course/CMU_Sphinx_Speech_Processing/TDTU_CMUSphinx_Report/other/feat/Speaker1/Mot_12.mfc
INFO: sphinx_fe.c(791): Converting D:/Lecture/Master_Course/CMU_Sphinx_Speech_Processing/TDTU_CMUSphinx_Report/other/wav/Speaker1/Mot_13.wav to D:/Lecture/Master_Course/CMU_Sphinx_Speech_Processing/TDTU_CMUSphinx_Report/other/feat/Speaker1/Mot_13.mfc
INFO: sphinx_fe.c(791): Converting D:/Lecture/Master_Course/CMU_Sphinx_Speech_Processing/TDTU_CMUSphinx_Report/other/wav/Speaker1/Mot_14.wav to D:/Lecture/Master_Course/CMU_Sphinx_Speech_Processing/TDTU_CMUSphinx_Report/other/feat/Speaker1/Mot_14.mfc
INFO: sphinx_fe.c(791): Converting D:/Lecture/Master_Course/CMU_Sphinx_Speech_Processing/TDTU_CMUSphinx_Report/other/wav/Speaker1/Mot_15.wav to D:/Lecture/Master_Course/CMU_Sphinx_Speech_Processing/TDTU_CMUSphinx_Report/other/feat/Speaker1/Mot_15.mfc
INFO: sphinx_fe.c(791): Converting D:/Lecture/Master_Course/CMU_Sphinx_Speech_Processing/TDTU_CMUSphinx_Report/other/wav/Speaker1/Mot_16.wav to D:/Lecture/Master_Course/CMU_Sphinx_Speech_Processing/TDTU_CMUSphinx_Report/other/feat/Speaker1/Mot_16.mfc
INFO: sphinx_fe.c(791): Converting D:/Lecture/Master_Course/CMU_Sphinx_Speech_Processing/TDTU_CMUSphinx_Report/other/wav/Speaker1/Mot_17.wav to D:/Lecture/Master_Course/CMU_Sphinx_Speech_Processing/TDTU_CMUSphinx_Report/other/feat/Speaker1/Mot_17.mfc
INFO: sphinx_fe.c(791): Converting D:/Lecture/Master_Course/CMU_Sphinx_Speech_Processing/TDTU_CMUSphinx_Report/other/wav/Speaker1/Mot_18.wav to D:/Lecture/Master_Course/CMU_Sphinx_Speech_Processing/TDTU_CMUSphinx_Report/other/feat/Speaker1/Mot_18.mfc
INFO: sphinx_fe.c(791): Converting D:/Lecture/Master_Course/CMU_Sphinx_Speech_Processing/TDTU_CMUSphinx_Report/other/wav/Speaker1/Mot_19.wav to D:/Lecture/Master_Course/CMU_Sphinx_Speech_Processing/TDTU_CMUSphinx_Report/other/feat/Speaker1/Mot_19.mfc
INFO: sphinx_fe.c(791): Converting D:/Lecture/Master_Course/CMU_Sphinx_Speech_Processing/TDTU_CMUSphinx_Report/other/wav/Speaker1/Mot_20.wav to D:/Lecture/Master_Course/CMU_Sphinx_Speech_Processing/TDTU_CMUSphinx_Report/other/feat/Speaker1/Mot_20.mfc
INFO: sphinx_fe.c(791): Converting D:/Lecture/Master_Course/CMU_Sphinx_Speech_Processing/TDTU_CMUSphinx_Report/other/wav/Speaker1/Nam.wav to D:/Lecture/Master_Course/CMU_Sphinx_Speech_Processing/TDTU_CMUSphinx_Report/other/feat/Speaker1/Nam.mfc
INFO: sphinx_fe.c(791): Converting D:/Lecture/Master_Course/CMU_Sphinx_Speech_Processing/TDTU_CMUSphinx_Report/other/wav/Speaker1/Nam_1.wav to D:/Lecture/Master_Course/CMU_Sphinx_Speech_Processing/TDTU_CMUSphinx_Report/other/feat/Speaker1/Nam_1.mfc
INFO: sphinx_fe.c(791): Converting D:/Lecture/Master_Course/CMU_Sphinx_Speech_Processing/TDTU_CMUSphinx_Report/other/wav/Speaker1/Nam_2.wav to D:/Lecture/Master_Course/CMU_Sphinx_Speech_Processing/TDTU_CMUSphinx_Report/other/feat/Speaker1/Nam_2.mfc
INFO: sphinx_fe.c(791): Converting D:/Lecture/Master_Course/CMU_Sphinx_Speech_Processing/TDTU_CMUSphinx_Report/other/wav/Speaker1/Nam_3.wav to D:/Lecture/Master_Course/CMU_Sphinx_Speech_Processing/TDTU_CMUSphinx_Report/other/feat/Speaker1/Nam_3.mfc
INFO: sphinx_fe.c(791): Converting D:/Lecture/Master_Course/CMU_Sphinx_Speech_Processing/TDTU_CMUSphinx_Report/other/wav/Speaker1/Nam_4.wav to D:/Lecture/Master_Course/CMU_Sphinx_Speech_Processing/TDTU_CMUSphinx_Report/other/feat/Speaker1/Nam_4.mfc
INFO: sphinx_fe.c(791): Converting D:/Lecture/Master_Course/CMU_Sphinx_Speech_Processing/TDTU_CMUSphinx_Report/other/wav/Speaker1/Nam_5.wav to D:/Lecture/Master_Course/CMU_Sphinx_Speech_Processing/TDTU_CMUSphinx_Report/other/feat/Speaker1/Nam_5.mfc
INFO: sphinx_fe.c(791): Converting D:/Lecture/Master_Course/CMU_Sphinx_Speech_Processing/TDTU_CMUSphinx_Report/other/wav/Speaker1/Nam_6.wav to D:/Lecture/Master_Course/CMU_Sphinx_Speech_Processing/TDTU_CMUSphinx_Report/other/feat/Speaker1/Nam_6.mfc
INFO: sphinx_fe.c(791): Converting D:/Lecture/Master_Course/CMU_Sphinx_Speech_Processing/TDTU_CMUSphinx_Report/other/wav/Speaker1/Nam_7.wav to D:/Lecture/Master_Course/CMU_Sphinx_Speech_Processing/TDTU_CMUSphinx_Report/other/feat/Speaker1/Nam_7.mfc
INFO: sphinx_fe.c(791): Converting D:/Lecture/Master_Course/CMU_Sphinx_Speech_Processing/TDTU_CMUSphinx_Report/other/wav/Speaker1/Nam_8.wav to D:/Lecture/Master_Course/CMU_Sphinx_Speech_Processing/TDTU_CMUSphinx_Report/other/feat/Speaker1/Nam_8.mfc
INFO: sphinx_fe.c(791): Converting D:/Lecture/Master_Course/CMU_Sphinx_Speech_Processing/TDTU_CMUSphinx_Report/other/wav/Speaker1/Nam_9.wav to D:/Lecture/Master_Course/CMU_Sphinx_Speech_Processing/TDTU_CMUSphinx_Report/other/feat/Speaker1/Nam_9.mfc
INFO: sphinx_fe.c(791): Converting D:/Lecture/Master_Course/CMU_Sphinx_Speech_Processing/TDTU_CMUSphinx_Report/other/wav/Speaker1/Nam_10.wav to D:/Lecture/Master_Course/CMU_Sphinx_Speech_Processing/TDTU_CMUSphinx_Report/other/feat/Speaker1/Nam_10.mfc
INFO: sphinx_fe.c(791): Converting D:/Lecture/Master_Course/CMU_Sphinx_Speech_Processing/TDTU_CMUSphinx_Report/other/wav/Speaker1/Nam_11.wav to D:/Lecture/Master_Course/CMU_Sphinx_Speech_Processing/TDTU_CMUSphinx_Report/other/feat/Speaker1/Nam_11.mfc
INFO: sphinx_fe.c(791): Converting D:/Lecture/Master_Course/CMU_Sphinx_Speech_Processing/TDTU_CMUSphinx_Report/other/wav/Speaker1/Nam_12.wav to D:/Lecture/Master_Course/CMU_Sphinx_Speech_Processing/TDTU_CMUSphinx_Report/other/feat/Speaker1/Nam_12.mfc
INFO: sphinx_fe.c(791): Converting D:/Lecture/Master_Course/CMU_Sphinx_Speech_Processing/TDTU_CMUSphinx_Report/other/wav/Speaker1/Nam_13.wav to D:/Lecture/Master_Course/CMU_Sphinx_Speech_Processing/TDTU_CMUSphinx_Report/other/feat/Speaker1/Nam_13.mfc
INFO: sphinx_fe.c(791): Converting D:/Lecture/Master_Course/CMU_Sphinx_Speech_Processing/TDTU_CMUSphinx_Report/other/wav/Speaker1/Nam_14.wav to D:/Lecture/Master_Course/CMU_Sphinx_Speech_Processing/TDTU_CMUSphinx_Report/other/feat/Speaker1/Nam_14.mfc
INFO: sphinx_fe.c(791): Converting D:/Lecture/Master_Course/CMU_Sphinx_Speech_Processing/TDTU_CMUSphinx_Report/other/wav/Speaker1/Nam_15.wav to D:/Lecture/Master_Course/CMU_Sphinx_Speech_Processing/TDTU_CMUSphinx_Report/other/feat/Speaker1/Nam_15.mfc
INFO: sphinx_fe.c(791): Converting D:/Lecture/Master_Course/CMU_Sphinx_Speech_Processing/TDTU_CMUSphinx_Report/other/wav/Speaker1/Nam_16.wav to D:/Lecture/Master_Course/CMU_Sphinx_Speech_Processing/TDTU_CMUSphinx_Report/other/feat/Speaker1/Nam_16.mfc
INFO: sphinx_fe.c(791): Converting D:/Lecture/Master_Course/CMU_Sphinx_Speech_Processing/TDTU_CMUSphinx_Report/other/wav/Speaker1/Nam_17.wav to D:/Lecture/Master_Course/CMU_Sphinx_Speech_Processing/TDTU_CMUSphinx_Report/other/feat/Speaker1/Nam_17.mfc
INFO: sphinx_fe.c(791): Converting D:/Lecture/Master_Course/CMU_Sphinx_Speech_Processing/TDTU_CMUSphinx_Report/other/wav/Speaker1/Nam_18.wav to D:/Lecture/Master_Course/CMU_Sphinx_Speech_Processing/TDTU_CMUSphinx_Report/other/feat/Speaker1/Nam_18.mfc
INFO: sphinx_fe.c(791): Converting D:/Lecture/Master_Course/CMU_Sphinx_Speech_Processing/TDTU_CMUSphinx_Report/other/wav/Speaker1/Nam_19.wav to D:/Lecture/Master_Course/CMU_Sphinx_Speech_Processing/TDTU_CMUSphinx_Report/other/feat/Speaker1/Nam_19.mfc
INFO: sphinx_fe.c(791): Converting D:/Lecture/Master_Course/CMU_Sphinx_Speech_Processing/TDTU_CMUSphinx_Report/other/wav/Speaker1/Nam_20.wav to D:/Lecture/Master_Course/CMU_Sphinx_Speech_Processing/TDTU_CMUSphinx_Report/other/feat/Speaker1/Nam_20.mfc
Mon Apr 15 21:01:34 2019
