Current configuration:
[NAME]		[DEFLT]	[VALUE]
-example	no	no
-help		no	no
-mixwfn			D:\Lecture\Master_Course\CMU_Sphinx_Speech_Processing\TDTU_CMUSphinx_Report\other\model_parameters\other.ci_cont_flatinitial\mixture_weights
-moddeffn		D:/Lecture/Master_Course/CMU_Sphinx_Speech_Processing/TDTU_CMUSphinx_Report/other/model_architecture/other.ci.mdef
-ndensity	256	1
-nstream	4	1
-tmatfn			D:\Lecture\Master_Course\CMU_Sphinx_Speech_Processing\TDTU_CMUSphinx_Report\other\model_parameters\other.ci_cont_flatinitial\transition_matrices
-topo			D:/Lecture/Master_Course/CMU_Sphinx_Speech_Processing/TDTU_CMUSphinx_Report/other/model_architecture/other.topology

INFO: model_def_io.c(573): Model definition info:
INFO: model_def_io.c(574): 9 total models defined (9 base, 0 tri)
INFO: model_def_io.c(575): 36 total states
INFO: model_def_io.c(576): 27 total tied states
INFO: model_def_io.c(577): 27 total tied CI states
INFO: model_def_io.c(578): 9 total tied transition matrices
INFO: model_def_io.c(579): 4 max state/model
INFO: model_def_io.c(580): 4 min state/model
INFO: s3tmat_io.c(176): Wrote D:\Lecture\Master_Course\CMU_Sphinx_Speech_Processing\TDTU_CMUSphinx_Report\other\model_parameters\other.ci_cont_flatinitial\transition_matrices [9x3x4 array]
INFO: s3mixw_io.c(233): Wrote D:\Lecture\Master_Course\CMU_Sphinx_Speech_Processing\TDTU_CMUSphinx_Report\other\model_parameters\other.ci_cont_flatinitial\mixture_weights [27x1x1 array]
d:\sphinx\sphinxtrain\src\programs\mk_flat\main.c(83): Reading model definition file D:/Lecture/Master_Course/CMU_Sphinx_Speech_Processing/TDTU_CMUSphinx_Report/other/model_architecture/other.ci.mdef
d:\sphinx\sphinxtrain\src\programs\mk_flat\main.c(90): 9 models defined
Mon Apr 15 21:01:41 2019
